
2월 22, 2022 11:39:22.330 NEW SESSION
2월 22, 2022 11:39:22.330 [18960:18036:0222/113922.328:ERROR:chrome_browser_main_extra_parts_metrics.cc(227)] START: ReportBluetoothAvailability(). If you don't see the END: message, this is crbug.com/1216328.
2월 22, 2022 11:39:22.331 [18960:18036:0222/113922.328:ERROR:chrome_browser_main_extra_parts_metrics.cc(230)] END: ReportBluetoothAvailability()
2월 22, 2022 11:39:22.331 [18960:18036:0222/113922.328:ERROR:chrome_browser_main_extra_parts_metrics.cc(235)] START: GetDefaultBrowser(). If you don't see the END: message, this is crbug.com/1216328.
2월 22, 2022 11:39:22.336 [18960:18036:0222/113922.336:ERROR:chrome_browser_main_extra_parts_metrics.cc(239)] END: GetDefaultBrowser()
2월 22, 2022 11:39:22.356 [18960:18884:0222/113922.356:ERROR:device_event_log_impl.cc(214)] [11:39:22.356] Bluetooth: bluetooth_adapter_winrt.cc:1075 Getting Default Adapter failed.

2월 22, 2022 12:50:17.285 NEW SESSION
2월 22, 2022 12:50:17.285 [19780:14888:0222/125017.284:ERROR:chrome_browser_main_extra_parts_metrics.cc(227)] START: ReportBluetoothAvailability(). If you don't see the END: message, this is crbug.com/1216328.
2월 22, 2022 12:50:17.286 [19780:14888:0222/125017.284:ERROR:chrome_browser_main_extra_parts_metrics.cc(230)] END: ReportBluetoothAvailability()
2월 22, 2022 12:50:17.286 [19780:14888:0222/125017.284:ERROR:chrome_browser_main_extra_parts_metrics.cc(235)] START: GetDefaultBrowser(). If you don't see the END: message, this is crbug.com/1216328.
2월 22, 2022 12:50:17.291 [19780:14888:0222/125017.291:ERROR:chrome_browser_main_extra_parts_metrics.cc(239)] END: GetDefaultBrowser()
2월 22, 2022 12:50:17.308 [19780:15216:0222/125017.307:ERROR:device_event_log_impl.cc(214)] [12:50:17.308] Bluetooth: bluetooth_adapter_winrt.cc:1075 Getting Default Adapter failed.
2월 22, 2022 12:52:18.619 [16624:1328:0222/125218.619:ERROR:chrome_browser_main_extra_parts_metrics.cc(227)] START: ReportBluetoothAvailability(). If you don't see the END: message, this is crbug.com/1216328.
2월 22, 2022 12:52:18.620 [16624:1328:0222/125218.619:ERROR:chrome_browser_main_extra_parts_metrics.cc(230)] END: ReportBluetoothAvailability()
2월 22, 2022 12:52:18.620 [16624:1328:0222/125218.619:ERROR:chrome_browser_main_extra_parts_metrics.cc(235)] START: GetDefaultBrowser(). If you don't see the END: message, this is crbug.com/1216328.
2월 22, 2022 12:52:18.626 [16624:1328:0222/125218.626:ERROR:chrome_browser_main_extra_parts_metrics.cc(239)] END: GetDefaultBrowser()
2월 22, 2022 12:52:18.646 [16624:17260:0222/125218.645:ERROR:device_event_log_impl.cc(214)] [12:52:18.645] Bluetooth: bluetooth_adapter_winrt.cc:1075 Getting Default Adapter failed.
2월 22, 2022 15:58:39.410 [7628:19192:0222/155839.410:ERROR:chrome_browser_main_extra_parts_metrics.cc(227)] START: ReportBluetoothAvailability(). If you don't see the END: message, this is crbug.com/1216328.
2월 22, 2022 15:58:39.411 [7628:19192:0222/155839.410:ERROR:chrome_browser_main_extra_parts_metrics.cc(230)] END: ReportBluetoothAvailability()
2월 22, 2022 15:58:39.411 [7628:19192:0222/155839.410:ERROR:chrome_browser_main_extra_parts_metrics.cc(235)] START: GetDefaultBrowser(). If you don't see the END: message, this is crbug.com/1216328.
2월 22, 2022 15:58:39.416 [7628:19192:0222/155839.416:ERROR:chrome_browser_main_extra_parts_metrics.cc(239)] END: GetDefaultBrowser()
2월 22, 2022 15:58:39.433 [7628:2624:0222/155839.433:ERROR:device_event_log_impl.cc(214)] [15:58:39.433] Bluetooth: bluetooth_adapter_winrt.cc:1075 Getting Default Adapter failed.
2월 22, 2022 16:10:17.878 [17252:10964:0222/161017.878:ERROR:chrome_browser_main_extra_parts_metrics.cc(227)] START: ReportBluetoothAvailability(). If you don't see the END: message, this is crbug.com/1216328.
2월 22, 2022 16:10:17.879 [17252:10964:0222/161017.878:ERROR:chrome_browser_main_extra_parts_metrics.cc(230)] END: ReportBluetoothAvailability()
2월 22, 2022 16:10:17.879 [17252:10964:0222/161017.878:ERROR:chrome_browser_main_extra_parts_metrics.cc(235)] START: GetDefaultBrowser(). If you don't see the END: message, this is crbug.com/1216328.
2월 22, 2022 16:10:17.885 [17252:10964:0222/161017.884:ERROR:chrome_browser_main_extra_parts_metrics.cc(239)] END: GetDefaultBrowser()
2월 22, 2022 16:10:17.903 [17252:19304:0222/161017.902:ERROR:device_event_log_impl.cc(214)] [16:10:17.902] Bluetooth: bluetooth_adapter_winrt.cc:1075 Getting Default Adapter failed.
2월 22, 2022 16:34:59.582 [20748:16572:0222/163459.581:ERROR:chrome_browser_main_extra_parts_metrics.cc(227)] START: ReportBluetoothAvailability(). If you don't see the END: message, this is crbug.com/1216328.
2월 22, 2022 16:34:59.582 [20748:16572:0222/163459.581:ERROR:chrome_browser_main_extra_parts_metrics.cc(230)] END: ReportBluetoothAvailability()
2월 22, 2022 16:34:59.583 [20748:16572:0222/163459.581:ERROR:chrome_browser_main_extra_parts_metrics.cc(235)] START: GetDefaultBrowser(). If you don't see the END: message, this is crbug.com/1216328.
2월 22, 2022 16:34:59.589 [20748:16572:0222/163459.588:ERROR:chrome_browser_main_extra_parts_metrics.cc(239)] END: GetDefaultBrowser()
2월 22, 2022 16:34:59.604 [20748:12680:0222/163459.604:ERROR:device_event_log_impl.cc(214)] [16:34:59.604] Bluetooth: bluetooth_adapter_winrt.cc:1075 Getting Default Adapter failed.

2월 22, 2022 16:36:54.968 NEW SESSION
2월 22, 2022 16:36:54.968 [1396:7948:0222/163654.966:ERROR:chrome_browser_main_extra_parts_metrics.cc(227)] START: ReportBluetoothAvailability(). If you don't see the END: message, this is crbug.com/1216328.
2월 22, 2022 16:36:54.969 [1396:7948:0222/163654.966:ERROR:chrome_browser_main_extra_parts_metrics.cc(230)] END: ReportBluetoothAvailability()
2월 22, 2022 16:36:54.969 [1396:7948:0222/163654.966:ERROR:chrome_browser_main_extra_parts_metrics.cc(235)] START: GetDefaultBrowser(). If you don't see the END: message, this is crbug.com/1216328.
2월 22, 2022 16:36:54.976 [1396:7948:0222/163654.976:ERROR:chrome_browser_main_extra_parts_metrics.cc(239)] END: GetDefaultBrowser()
2월 22, 2022 16:36:55.08 [1396:7836:0222/163655.008:ERROR:device_event_log_impl.cc(214)] [16:36:55.007] Bluetooth: bluetooth_adapter_winrt.cc:1075 Getting Default Adapter failed.
2월 22, 2022 16:39:45.695 [16884:3344:0222/163945.695:ERROR:chrome_browser_main_extra_parts_metrics.cc(227)] START: ReportBluetoothAvailability(). If you don't see the END: message, this is crbug.com/1216328.
2월 22, 2022 16:39:45.696 [16884:3344:0222/163945.695:ERROR:chrome_browser_main_extra_parts_metrics.cc(230)] END: ReportBluetoothAvailability()
2월 22, 2022 16:39:45.697 [16884:3344:0222/163945.695:ERROR:chrome_browser_main_extra_parts_metrics.cc(235)] START: GetDefaultBrowser(). If you don't see the END: message, this is crbug.com/1216328.
2월 22, 2022 16:39:45.705 [16884:3344:0222/163945.704:ERROR:chrome_browser_main_extra_parts_metrics.cc(239)] END: GetDefaultBrowser()
2월 22, 2022 16:39:45.720 [16884:14820:0222/163945.720:ERROR:device_event_log_impl.cc(214)] [16:39:45.720] Bluetooth: bluetooth_adapter_winrt.cc:1075 Getting Default Adapter failed.
2월 22, 2022 17:30:50.867 [18624:10780:0222/173050.866:ERROR:chrome_browser_main_extra_parts_metrics.cc(227)] START: ReportBluetoothAvailability(). If you don't see the END: message, this is crbug.com/1216328.
2월 22, 2022 17:30:50.868 [18624:10780:0222/173050.866:ERROR:chrome_browser_main_extra_parts_metrics.cc(230)] END: ReportBluetoothAvailability()
2월 22, 2022 17:30:50.868 [18624:10780:0222/173050.866:ERROR:chrome_browser_main_extra_parts_metrics.cc(235)] START: GetDefaultBrowser(). If you don't see the END: message, this is crbug.com/1216328.
2월 22, 2022 17:30:50.875 [18624:10780:0222/173050.874:ERROR:chrome_browser_main_extra_parts_metrics.cc(239)] END: GetDefaultBrowser()
2월 22, 2022 17:30:50.893 [18624:16800:0222/173050.893:ERROR:device_event_log_impl.cc(214)] [17:30:50.893] Bluetooth: bluetooth_adapter_winrt.cc:1075 Getting Default Adapter failed.
2월 22, 2022 17:53:05.544 [7268:13020:0222/175305.544:ERROR:chrome_browser_main_extra_parts_metrics.cc(227)] START: ReportBluetoothAvailability(). If you don't see the END: message, this is crbug.com/1216328.
2월 22, 2022 17:53:05.545 [7268:13020:0222/175305.544:ERROR:chrome_browser_main_extra_parts_metrics.cc(230)] END: ReportBluetoothAvailability()
2월 22, 2022 17:53:05.545 [7268:13020:0222/175305.544:ERROR:chrome_browser_main_extra_parts_metrics.cc(235)] START: GetDefaultBrowser(). If you don't see the END: message, this is crbug.com/1216328.
2월 22, 2022 17:53:05.551 [7268:13020:0222/175305.551:ERROR:chrome_browser_main_extra_parts_metrics.cc(239)] END: GetDefaultBrowser()
2월 22, 2022 17:53:05.571 [7268:17292:0222/175305.571:ERROR:device_event_log_impl.cc(214)] [17:53:05.572] Bluetooth: bluetooth_adapter_winrt.cc:1075 Getting Default Adapter failed.

2월 23, 2022 11:07:07.771 NEW SESSION
2월 23, 2022 11:07:07.771 [9360:20940:0223/110707.769:ERROR:chrome_browser_main_extra_parts_metrics.cc(227)] START: ReportBluetoothAvailability(). If you don't see the END: message, this is crbug.com/1216328.
2월 23, 2022 11:07:07.772 [9360:20940:0223/110707.769:ERROR:chrome_browser_main_extra_parts_metrics.cc(230)] END: ReportBluetoothAvailability()
2월 23, 2022 11:07:07.773 [9360:20940:0223/110707.769:ERROR:chrome_browser_main_extra_parts_metrics.cc(235)] START: GetDefaultBrowser(). If you don't see the END: message, this is crbug.com/1216328.
2월 23, 2022 11:07:07.778 [9360:20940:0223/110707.777:ERROR:chrome_browser_main_extra_parts_metrics.cc(239)] END: GetDefaultBrowser()
2월 23, 2022 11:07:07.795 [9360:14404:0223/110707.795:ERROR:device_event_log_impl.cc(214)] [11:07:07.796] Bluetooth: bluetooth_adapter_winrt.cc:1075 Getting Default Adapter failed.

2월 23, 2022 11:26:55.161 NEW SESSION
2월 23, 2022 11:26:55.161 [18592:18032:0223/112655.159:ERROR:chrome_browser_main_extra_parts_metrics.cc(227)] START: ReportBluetoothAvailability(). If you don't see the END: message, this is crbug.com/1216328.
2월 23, 2022 11:26:55.162 [18592:18032:0223/112655.159:ERROR:chrome_browser_main_extra_parts_metrics.cc(230)] END: ReportBluetoothAvailability()
2월 23, 2022 11:26:55.163 [18592:18032:0223/112655.159:ERROR:chrome_browser_main_extra_parts_metrics.cc(235)] START: GetDefaultBrowser(). If you don't see the END: message, this is crbug.com/1216328.
2월 23, 2022 11:26:55.169 [18592:18032:0223/112655.168:ERROR:chrome_browser_main_extra_parts_metrics.cc(239)] END: GetDefaultBrowser()
2월 23, 2022 11:26:55.185 [18592:19296:0223/112655.184:ERROR:device_event_log_impl.cc(214)] [11:26:55.185] Bluetooth: bluetooth_adapter_winrt.cc:1075 Getting Default Adapter failed.

2월 23, 2022 11:43:22.684 NEW SESSION
2월 23, 2022 11:43:22.684 [16412:16856:0223/114322.682:ERROR:chrome_browser_main_extra_parts_metrics.cc(227)] START: ReportBluetoothAvailability(). If you don't see the END: message, this is crbug.com/1216328.
2월 23, 2022 11:43:22.685 [16412:16856:0223/114322.682:ERROR:chrome_browser_main_extra_parts_metrics.cc(230)] END: ReportBluetoothAvailability()
2월 23, 2022 11:43:22.686 [16412:16856:0223/114322.682:ERROR:chrome_browser_main_extra_parts_metrics.cc(235)] START: GetDefaultBrowser(). If you don't see the END: message, this is crbug.com/1216328.
2월 23, 2022 11:43:22.690 [16412:16856:0223/114322.689:ERROR:chrome_browser_main_extra_parts_metrics.cc(239)] END: GetDefaultBrowser()
2월 23, 2022 11:43:22.718 [16412:16416:0223/114322.718:ERROR:device_event_log_impl.cc(214)] [11:43:22.718] Bluetooth: bluetooth_adapter_winrt.cc:1075 Getting Default Adapter failed.
2월 23, 2022 12:22:22.22 [18888:7768:0223/122222.022:ERROR:chrome_browser_main_extra_parts_metrics.cc(227)] START: ReportBluetoothAvailability(). If you don't see the END: message, this is crbug.com/1216328.
2월 23, 2022 12:22:22.23 [18888:7768:0223/122222.022:ERROR:chrome_browser_main_extra_parts_metrics.cc(230)] END: ReportBluetoothAvailability()
2월 23, 2022 12:22:22.23 [18888:7768:0223/122222.022:ERROR:chrome_browser_main_extra_parts_metrics.cc(235)] START: GetDefaultBrowser(). If you don't see the END: message, this is crbug.com/1216328.
2월 23, 2022 12:22:22.29 [18888:7768:0223/122222.029:ERROR:chrome_browser_main_extra_parts_metrics.cc(239)] END: GetDefaultBrowser()
2월 23, 2022 12:22:22.46 [18888:11592:0223/122222.045:ERROR:device_event_log_impl.cc(214)] [12:22:22.045] Bluetooth: bluetooth_adapter_winrt.cc:1075 Getting Default Adapter failed.
2월 23, 2022 12:47:15.514 [15688:11712:0223/124715.514:ERROR:chrome_browser_main_extra_parts_metrics.cc(227)] START: ReportBluetoothAvailability(). If you don't see the END: message, this is crbug.com/1216328.
2월 23, 2022 12:47:15.515 [15688:11712:0223/124715.514:ERROR:chrome_browser_main_extra_parts_metrics.cc(230)] END: ReportBluetoothAvailability()
2월 23, 2022 12:47:15.515 [15688:11712:0223/124715.514:ERROR:chrome_browser_main_extra_parts_metrics.cc(235)] START: GetDefaultBrowser(). If you don't see the END: message, this is crbug.com/1216328.
2월 23, 2022 12:47:15.522 [15688:11712:0223/124715.522:ERROR:chrome_browser_main_extra_parts_metrics.cc(239)] END: GetDefaultBrowser()
2월 23, 2022 12:47:15.540 [15688:11136:0223/124715.540:ERROR:device_event_log_impl.cc(214)] [12:47:15.540] Bluetooth: bluetooth_adapter_winrt.cc:1075 Getting Default Adapter failed.

2월 23, 2022 15:17:08.435 NEW SESSION
2월 23, 2022 15:17:08.436 [15236:1488:0223/151708.434:ERROR:chrome_browser_main_extra_parts_metrics.cc(227)] START: ReportBluetoothAvailability(). If you don't see the END: message, this is crbug.com/1216328.
2월 23, 2022 15:17:08.437 [15236:1488:0223/151708.434:ERROR:chrome_browser_main_extra_parts_metrics.cc(230)] END: ReportBluetoothAvailability()
2월 23, 2022 15:17:08.437 [15236:1488:0223/151708.434:ERROR:chrome_browser_main_extra_parts_metrics.cc(235)] START: GetDefaultBrowser(). If you don't see the END: message, this is crbug.com/1216328.
2월 23, 2022 15:17:08.441 [15236:1488:0223/151708.440:ERROR:chrome_browser_main_extra_parts_metrics.cc(239)] END: GetDefaultBrowser()
2월 23, 2022 15:17:08.461 [15236:7912:0223/151708.461:ERROR:device_event_log_impl.cc(214)] [15:17:08.460] Bluetooth: bluetooth_adapter_winrt.cc:1075 Getting Default Adapter failed.

2월 23, 2022 15:42:22.440 NEW SESSION
2월 23, 2022 15:42:22.441 [1804:12196:0223/154222.439:ERROR:chrome_browser_main_extra_parts_metrics.cc(227)] START: ReportBluetoothAvailability(). If you don't see the END: message, this is crbug.com/1216328.
2월 23, 2022 15:42:22.441 [1804:12196:0223/154222.439:ERROR:chrome_browser_main_extra_parts_metrics.cc(230)] END: ReportBluetoothAvailability()
2월 23, 2022 15:42:22.442 [1804:12196:0223/154222.439:ERROR:chrome_browser_main_extra_parts_metrics.cc(235)] START: GetDefaultBrowser(). If you don't see the END: message, this is crbug.com/1216328.
2월 23, 2022 15:42:22.446 [1804:12196:0223/154222.446:ERROR:chrome_browser_main_extra_parts_metrics.cc(239)] END: GetDefaultBrowser()
2월 23, 2022 15:42:22.461 [1804:18124:0223/154222.461:ERROR:device_event_log_impl.cc(214)] [15:42:22.460] Bluetooth: bluetooth_adapter_winrt.cc:1075 Getting Default Adapter failed.
2월 23, 2022 15:43:38.100 [6880:3948:0223/154338.100:ERROR:chrome_browser_main_extra_parts_metrics.cc(227)] START: ReportBluetoothAvailability(). If you don't see the END: message, this is crbug.com/1216328.
2월 23, 2022 15:43:38.101 [6880:3948:0223/154338.100:ERROR:chrome_browser_main_extra_parts_metrics.cc(230)] END: ReportBluetoothAvailability()
2월 23, 2022 15:43:38.101 [6880:3948:0223/154338.100:ERROR:chrome_browser_main_extra_parts_metrics.cc(235)] START: GetDefaultBrowser(). If you don't see the END: message, this is crbug.com/1216328.
2월 23, 2022 15:43:38.107 [6880:3948:0223/154338.107:ERROR:chrome_browser_main_extra_parts_metrics.cc(239)] END: GetDefaultBrowser()
2월 23, 2022 15:43:38.127 [6880:5096:0223/154338.127:ERROR:device_event_log_impl.cc(214)] [15:43:38.127] Bluetooth: bluetooth_adapter_winrt.cc:1075 Getting Default Adapter failed.
2월 23, 2022 15:55:43.20 [18956:15828:0223/155543.020:ERROR:chrome_browser_main_extra_parts_metrics.cc(227)] START: ReportBluetoothAvailability(). If you don't see the END: message, this is crbug.com/1216328.
2월 23, 2022 15:55:43.21 [18956:15828:0223/155543.020:ERROR:chrome_browser_main_extra_parts_metrics.cc(230)] END: ReportBluetoothAvailability()
2월 23, 2022 15:55:43.21 [18956:15828:0223/155543.020:ERROR:chrome_browser_main_extra_parts_metrics.cc(235)] START: GetDefaultBrowser(). If you don't see the END: message, this is crbug.com/1216328.
2월 23, 2022 15:55:43.26 [18956:15828:0223/155543.026:ERROR:chrome_browser_main_extra_parts_metrics.cc(239)] END: GetDefaultBrowser()
2월 23, 2022 15:55:43.43 [18956:7308:0223/155543.042:ERROR:device_event_log_impl.cc(214)] [15:55:43.042] Bluetooth: bluetooth_adapter_winrt.cc:1075 Getting Default Adapter failed.
2월 23, 2022 15:56:44.820 [1804:18852:0223/155644.820:ERROR:chrome_browser_main_extra_parts_metrics.cc(227)] START: ReportBluetoothAvailability(). If you don't see the END: message, this is crbug.com/1216328.
2월 23, 2022 15:56:44.821 [1804:18852:0223/155644.820:ERROR:chrome_browser_main_extra_parts_metrics.cc(230)] END: ReportBluetoothAvailability()
2월 23, 2022 15:56:44.821 [1804:18852:0223/155644.820:ERROR:chrome_browser_main_extra_parts_metrics.cc(235)] START: GetDefaultBrowser(). If you don't see the END: message, this is crbug.com/1216328.
2월 23, 2022 15:56:44.826 [1804:18852:0223/155644.826:ERROR:chrome_browser_main_extra_parts_metrics.cc(239)] END: GetDefaultBrowser()
2월 23, 2022 15:56:44.842 [1804:13640:0223/155644.841:ERROR:device_event_log_impl.cc(214)] [15:56:44.841] Bluetooth: bluetooth_adapter_winrt.cc:1075 Getting Default Adapter failed.

2월 23, 2022 21:46:13.305 NEW SESSION
2월 23, 2022 21:46:13.306 [19832:18908:0223/214613.303:ERROR:chrome_browser_main_extra_parts_metrics.cc(227)] START: ReportBluetoothAvailability(). If you don't see the END: message, this is crbug.com/1216328.
2월 23, 2022 21:46:13.306 [19832:18908:0223/214613.303:ERROR:chrome_browser_main_extra_parts_metrics.cc(230)] END: ReportBluetoothAvailability()
2월 23, 2022 21:46:13.307 [19832:18908:0223/214613.303:ERROR:chrome_browser_main_extra_parts_metrics.cc(235)] START: GetDefaultBrowser(). If you don't see the END: message, this is crbug.com/1216328.
2월 23, 2022 21:46:13.311 [19832:18908:0223/214613.311:ERROR:chrome_browser_main_extra_parts_metrics.cc(239)] END: GetDefaultBrowser()
2월 23, 2022 21:46:13.326 [19832:21384:0223/214613.325:ERROR:device_event_log_impl.cc(214)] [21:46:13.325] Bluetooth: bluetooth_adapter_winrt.cc:1075 Getting Default Adapter failed.

2월 24, 2022 11:20:10.63 NEW SESSION
2월 24, 2022 11:20:10.63 [11864:20708:0224/112010.061:ERROR:chrome_browser_main_extra_parts_metrics.cc(227)] START: ReportBluetoothAvailability(). If you don't see the END: message, this is crbug.com/1216328.
2월 24, 2022 11:20:10.64 [11864:20708:0224/112010.061:ERROR:chrome_browser_main_extra_parts_metrics.cc(230)] END: ReportBluetoothAvailability()
2월 24, 2022 11:20:10.64 [11864:20708:0224/112010.061:ERROR:chrome_browser_main_extra_parts_metrics.cc(235)] START: GetDefaultBrowser(). If you don't see the END: message, this is crbug.com/1216328.
2월 24, 2022 11:20:10.69 [11864:20708:0224/112010.069:ERROR:chrome_browser_main_extra_parts_metrics.cc(239)] END: GetDefaultBrowser()
2월 24, 2022 11:20:10.84 [11864:14680:0224/112010.084:ERROR:device_event_log_impl.cc(214)] [11:20:10.084] Bluetooth: bluetooth_adapter_winrt.cc:1075 Getting Default Adapter failed.

2월 24, 2022 11:27:07.105 NEW SESSION
2월 24, 2022 11:27:07.105 [14100:10584:0224/112707.103:ERROR:chrome_browser_main_extra_parts_metrics.cc(227)] START: ReportBluetoothAvailability(). If you don't see the END: message, this is crbug.com/1216328.
2월 24, 2022 11:27:07.105 [14100:10584:0224/112707.103:ERROR:chrome_browser_main_extra_parts_metrics.cc(230)] END: ReportBluetoothAvailability()
2월 24, 2022 11:27:07.106 [14100:10584:0224/112707.103:ERROR:chrome_browser_main_extra_parts_metrics.cc(235)] START: GetDefaultBrowser(). If you don't see the END: message, this is crbug.com/1216328.
2월 24, 2022 11:27:07.110 [14100:10584:0224/112707.110:ERROR:chrome_browser_main_extra_parts_metrics.cc(239)] END: GetDefaultBrowser()
2월 24, 2022 11:27:07.125 [14100:18416:0224/112707.125:ERROR:device_event_log_impl.cc(214)] [11:27:07.125] Bluetooth: bluetooth_adapter_winrt.cc:1075 Getting Default Adapter failed.
2월 24, 2022 11:27:39.855 [8188:20992:0224/112739.855:ERROR:chrome_browser_main_extra_parts_metrics.cc(227)] START: ReportBluetoothAvailability(). If you don't see the END: message, this is crbug.com/1216328.
2월 24, 2022 11:27:39.856 [8188:20992:0224/112739.855:ERROR:chrome_browser_main_extra_parts_metrics.cc(230)] END: ReportBluetoothAvailability()
2월 24, 2022 11:27:39.857 [8188:20992:0224/112739.855:ERROR:chrome_browser_main_extra_parts_metrics.cc(235)] START: GetDefaultBrowser(). If you don't see the END: message, this is crbug.com/1216328.
2월 24, 2022 11:27:39.862 [8188:20992:0224/112739.862:ERROR:chrome_browser_main_extra_parts_metrics.cc(239)] END: GetDefaultBrowser()
2월 24, 2022 11:27:39.878 [8188:3344:0224/112739.877:ERROR:device_event_log_impl.cc(214)] [11:27:39.878] Bluetooth: bluetooth_adapter_winrt.cc:1075 Getting Default Adapter failed.

2월 24, 2022 12:32:39.937 NEW SESSION
2월 24, 2022 12:32:39.937 [22960:10008:0224/123239.935:ERROR:chrome_browser_main_extra_parts_metrics.cc(227)] START: ReportBluetoothAvailability(). If you don't see the END: message, this is crbug.com/1216328.
2월 24, 2022 12:32:39.937 [22960:10008:0224/123239.935:ERROR:chrome_browser_main_extra_parts_metrics.cc(230)] END: ReportBluetoothAvailability()
2월 24, 2022 12:32:39.938 [22960:10008:0224/123239.935:ERROR:chrome_browser_main_extra_parts_metrics.cc(235)] START: GetDefaultBrowser(). If you don't see the END: message, this is crbug.com/1216328.
2월 24, 2022 12:32:39.942 [22960:10008:0224/123239.942:ERROR:chrome_browser_main_extra_parts_metrics.cc(239)] END: GetDefaultBrowser()
2월 24, 2022 12:32:39.957 [22960:23284:0224/123239.957:ERROR:device_event_log_impl.cc(214)] [12:32:39.956] Bluetooth: bluetooth_adapter_winrt.cc:1075 Getting Default Adapter failed.
2월 24, 2022 12:35:46.427 [20668:16556:0224/123546.426:ERROR:chrome_browser_main_extra_parts_metrics.cc(227)] START: ReportBluetoothAvailability(). If you don't see the END: message, this is crbug.com/1216328.
2월 24, 2022 12:35:46.427 [20668:16556:0224/123546.426:ERROR:chrome_browser_main_extra_parts_metrics.cc(230)] END: ReportBluetoothAvailability()
2월 24, 2022 12:35:46.428 [20668:16556:0224/123546.426:ERROR:chrome_browser_main_extra_parts_metrics.cc(235)] START: GetDefaultBrowser(). If you don't see the END: message, this is crbug.com/1216328.
2월 24, 2022 12:35:46.434 [20668:16556:0224/123546.434:ERROR:chrome_browser_main_extra_parts_metrics.cc(239)] END: GetDefaultBrowser()
2월 24, 2022 12:35:46.455 [20668:17320:0224/123546.455:ERROR:device_event_log_impl.cc(214)] [12:35:46.454] Bluetooth: bluetooth_adapter_winrt.cc:1075 Getting Default Adapter failed.
2월 24, 2022 12:36:42.767 [22444:9900:0224/123642.767:ERROR:chrome_browser_main_extra_parts_metrics.cc(227)] START: ReportBluetoothAvailability(). If you don't see the END: message, this is crbug.com/1216328.
2월 24, 2022 12:36:42.768 [22444:9900:0224/123642.767:ERROR:chrome_browser_main_extra_parts_metrics.cc(230)] END: ReportBluetoothAvailability()
2월 24, 2022 12:36:42.768 [22444:9900:0224/123642.767:ERROR:chrome_browser_main_extra_parts_metrics.cc(235)] START: GetDefaultBrowser(). If you don't see the END: message, this is crbug.com/1216328.
2월 24, 2022 12:36:42.774 [22444:9900:0224/123642.773:ERROR:chrome_browser_main_extra_parts_metrics.cc(239)] END: GetDefaultBrowser()
2월 24, 2022 12:36:42.790 [22444:19788:0224/123642.790:ERROR:device_event_log_impl.cc(214)] [12:36:42.790] Bluetooth: bluetooth_adapter_winrt.cc:1075 Getting Default Adapter failed.
2월 24, 2022 12:38:24.878 [22644:20600:0224/123824.877:ERROR:chrome_browser_main_extra_parts_metrics.cc(227)] START: ReportBluetoothAvailability(). If you don't see the END: message, this is crbug.com/1216328.
2월 24, 2022 12:38:24.878 [22644:20600:0224/123824.877:ERROR:chrome_browser_main_extra_parts_metrics.cc(230)] END: ReportBluetoothAvailability()
2월 24, 2022 12:38:24.878 [22644:20600:0224/123824.877:ERROR:chrome_browser_main_extra_parts_metrics.cc(235)] START: GetDefaultBrowser(). If you don't see the END: message, this is crbug.com/1216328.
2월 24, 2022 12:38:24.883 [22644:20600:0224/123824.882:ERROR:chrome_browser_main_extra_parts_metrics.cc(239)] END: GetDefaultBrowser()
2월 24, 2022 12:38:24.916 [22644:17428:0224/123824.916:ERROR:device_event_log_impl.cc(214)] [12:38:24.916] Bluetooth: bluetooth_adapter_winrt.cc:1075 Getting Default Adapter failed.
2월 24, 2022 12:39:28.851 [23004:23492:0224/123928.850:ERROR:chrome_browser_main_extra_parts_metrics.cc(227)] START: ReportBluetoothAvailability(). If you don't see the END: message, this is crbug.com/1216328.
2월 24, 2022 12:39:28.851 [23004:23492:0224/123928.850:ERROR:chrome_browser_main_extra_parts_metrics.cc(230)] END: ReportBluetoothAvailability()
2월 24, 2022 12:39:28.852 [23004:23492:0224/123928.850:ERROR:chrome_browser_main_extra_parts_metrics.cc(235)] START: GetDefaultBrowser(). If you don't see the END: message, this is crbug.com/1216328.
2월 24, 2022 12:39:28.858 [23004:23492:0224/123928.858:ERROR:chrome_browser_main_extra_parts_metrics.cc(239)] END: GetDefaultBrowser()
2월 24, 2022 12:39:28.879 [23004:15720:0224/123928.879:ERROR:device_event_log_impl.cc(214)] [12:39:28.879] Bluetooth: bluetooth_adapter_winrt.cc:1075 Getting Default Adapter failed.

2월 24, 2022 12:40:25.950 NEW SESSION
2월 24, 2022 12:40:25.950 [13032:22888:0224/124025.949:ERROR:chrome_browser_main_extra_parts_metrics.cc(227)] START: ReportBluetoothAvailability(). If you don't see the END: message, this is crbug.com/1216328.
2월 24, 2022 12:40:25.951 [13032:22888:0224/124025.949:ERROR:chrome_browser_main_extra_parts_metrics.cc(230)] END: ReportBluetoothAvailability()
2월 24, 2022 12:40:25.951 [13032:22888:0224/124025.949:ERROR:chrome_browser_main_extra_parts_metrics.cc(235)] START: GetDefaultBrowser(). If you don't see the END: message, this is crbug.com/1216328.
2월 24, 2022 12:40:25.956 [13032:22888:0224/124025.956:ERROR:chrome_browser_main_extra_parts_metrics.cc(239)] END: GetDefaultBrowser()
2월 24, 2022 12:40:25.979 [13032:10056:0224/124025.979:ERROR:device_event_log_impl.cc(214)] [12:40:25.978] Bluetooth: bluetooth_adapter_winrt.cc:1075 Getting Default Adapter failed.
2월 24, 2022 12:41:25.887 [4748:6552:0224/124125.887:ERROR:chrome_browser_main_extra_parts_metrics.cc(227)] START: ReportBluetoothAvailability(). If you don't see the END: message, this is crbug.com/1216328.
2월 24, 2022 12:41:25.888 [4748:6552:0224/124125.887:ERROR:chrome_browser_main_extra_parts_metrics.cc(230)] END: ReportBluetoothAvailability()
2월 24, 2022 12:41:25.888 [4748:6552:0224/124125.887:ERROR:chrome_browser_main_extra_parts_metrics.cc(235)] START: GetDefaultBrowser(). If you don't see the END: message, this is crbug.com/1216328.
2월 24, 2022 12:41:25.895 [4748:6552:0224/124125.894:ERROR:chrome_browser_main_extra_parts_metrics.cc(239)] END: GetDefaultBrowser()
2월 24, 2022 12:41:25.914 [4748:23048:0224/124125.914:ERROR:device_event_log_impl.cc(214)] [12:41:25.914] Bluetooth: bluetooth_adapter_winrt.cc:1075 Getting Default Adapter failed.

2월 24, 2022 12:47:08.435 NEW SESSION
2월 24, 2022 12:47:08.435 [11360:23168:0224/124708.433:ERROR:chrome_browser_main_extra_parts_metrics.cc(227)] START: ReportBluetoothAvailability(). If you don't see the END: message, this is crbug.com/1216328.
2월 24, 2022 12:47:08.436 [11360:23168:0224/124708.433:ERROR:chrome_browser_main_extra_parts_metrics.cc(230)] END: ReportBluetoothAvailability()
2월 24, 2022 12:47:08.436 [11360:23168:0224/124708.433:ERROR:chrome_browser_main_extra_parts_metrics.cc(235)] START: GetDefaultBrowser(). If you don't see the END: message, this is crbug.com/1216328.
2월 24, 2022 12:47:08.442 [11360:23168:0224/124708.442:ERROR:chrome_browser_main_extra_parts_metrics.cc(239)] END: GetDefaultBrowser()
2월 24, 2022 12:47:08.457 [11360:23328:0224/124708.457:ERROR:device_event_log_impl.cc(214)] [12:47:08.456] Bluetooth: bluetooth_adapter_winrt.cc:1075 Getting Default Adapter failed.
2월 24, 2022 12:47:29.484 [18168:21964:0224/124729.484:ERROR:chrome_browser_main_extra_parts_metrics.cc(227)] START: ReportBluetoothAvailability(). If you don't see the END: message, this is crbug.com/1216328.
2월 24, 2022 12:47:29.485 [18168:21964:0224/124729.484:ERROR:chrome_browser_main_extra_parts_metrics.cc(230)] END: ReportBluetoothAvailability()
2월 24, 2022 12:47:29.485 [18168:21964:0224/124729.484:ERROR:chrome_browser_main_extra_parts_metrics.cc(235)] START: GetDefaultBrowser(). If you don't see the END: message, this is crbug.com/1216328.
2월 24, 2022 12:47:29.491 [18168:21964:0224/124729.490:ERROR:chrome_browser_main_extra_parts_metrics.cc(239)] END: GetDefaultBrowser()
2월 24, 2022 12:47:29.507 [18168:13308:0224/124729.507:ERROR:device_event_log_impl.cc(214)] [12:47:29.506] Bluetooth: bluetooth_adapter_winrt.cc:1075 Getting Default Adapter failed.
2월 24, 2022 12:48:18.662 [13640:7788:0224/124818.662:ERROR:chrome_browser_main_extra_parts_metrics.cc(227)] START: ReportBluetoothAvailability(). If you don't see the END: message, this is crbug.com/1216328.
2월 24, 2022 12:48:18.663 [13640:7788:0224/124818.662:ERROR:chrome_browser_main_extra_parts_metrics.cc(230)] END: ReportBluetoothAvailability()
2월 24, 2022 12:48:18.663 [13640:7788:0224/124818.662:ERROR:chrome_browser_main_extra_parts_metrics.cc(235)] START: GetDefaultBrowser(). If you don't see the END: message, this is crbug.com/1216328.
2월 24, 2022 12:48:18.669 [13640:7788:0224/124818.669:ERROR:chrome_browser_main_extra_parts_metrics.cc(239)] END: GetDefaultBrowser()
2월 24, 2022 12:48:18.722 [13640:22100:0224/124818.721:ERROR:device_event_log_impl.cc(214)] [12:48:18.722] Bluetooth: bluetooth_adapter_winrt.cc:1075 Getting Default Adapter failed.
2월 24, 2022 12:49:27.556 [5616:21636:0224/124927.556:ERROR:chrome_browser_main_extra_parts_metrics.cc(227)] START: ReportBluetoothAvailability(). If you don't see the END: message, this is crbug.com/1216328.
2월 24, 2022 12:49:27.557 [5616:21636:0224/124927.556:ERROR:chrome_browser_main_extra_parts_metrics.cc(230)] END: ReportBluetoothAvailability()
2월 24, 2022 12:49:27.557 [5616:21636:0224/124927.556:ERROR:chrome_browser_main_extra_parts_metrics.cc(235)] START: GetDefaultBrowser(). If you don't see the END: message, this is crbug.com/1216328.
2월 24, 2022 12:49:27.563 [5616:21636:0224/124927.563:ERROR:chrome_browser_main_extra_parts_metrics.cc(239)] END: GetDefaultBrowser()
2월 24, 2022 12:49:27.581 [5616:22408:0224/124927.581:ERROR:device_event_log_impl.cc(214)] [12:49:27.580] Bluetooth: bluetooth_adapter_winrt.cc:1075 Getting Default Adapter failed.
